2024-11-18 13:34:39 - __main__ - INFO - Initializing Research Assistant...
2024-11-18 13:34:40 - models.vector_store - INFO - Creating new FAISS index
2024-11-18 13:34:41 - modules.paper_downloader - INFO - Created/verified output directory: C:\Users\Suriya\Documents\UF Class\1st Sem\Python for Data Science\Term Project Cods\research_papers
2024-11-18 13:34:41 - modules.pdf_processor - INFO - Created/verified directories: C:\Users\Suriya\Documents\UF Class\1st Sem\Python for Data Science\Term Project Cods\research_papers, C:\Users\Suriya\Documents\UF Class\1st Sem\Python for Data Science\Term Project Cods\research_papers\processed
2024-11-18 13:34:41 - __main__ - INFO - Research Assistant initialized successfully
2024-11-18 13:34:41 - __main__ - INFO - Research Assistant initialized
2024-11-18 13:34:53 - __main__ - INFO - Processing research query: Is there any research papers about Batman?
2024-11-18 13:34:53 - __main__ - INFO - Found 1 similar papers
2024-11-18 13:34:53 - __main__ - INFO - Downloading additional papers...
2024-11-18 13:34:54 - modules.paper_downloader - INFO - Successfully found 10 papers matching the query
2024-11-18 13:34:54 - modules.paper_downloader - INFO - Successfully downloaded: 2108.09560v3.pdf
2024-11-18 13:34:54 - modules.paper_downloader - INFO - Successfully downloaded: 1701.04676v1.pdf
2024-11-18 13:34:54 - modules.paper_downloader - INFO - Successfully downloaded: 2308.15806v1.pdf
2024-11-18 13:34:54 - modules.paper_downloader - INFO - Successfully downloaded: 2206.02983v2.pdf
2024-11-18 13:34:54 - modules.paper_downloader - INFO - Successfully downloaded: 2205.15982v1.pdf
2024-11-18 13:34:55 - modules.paper_downloader - INFO - Successfully downloaded: 1901.04372v1.pdf
2024-11-18 13:34:55 - modules.paper_downloader - INFO - Successfully downloaded: 2406.04483v1.pdf
2024-11-18 13:34:55 - modules.paper_downloader - INFO - Successfully downloaded: 0803.0159v1.pdf
2024-11-18 13:34:55 - modules.paper_downloader - INFO - Successfully downloaded: 2409.17916v1.pdf
2024-11-18 13:34:55 - modules.paper_downloader - INFO - Successfully downloaded: 1704.03242v1.pdf
2024-11-18 13:34:55 - modules.paper_downloader - INFO - Successfully downloaded 10 out of 10 papers
2024-11-18 13:34:55 - __main__ - INFO - Downloaded 10 new papers
2024-11-18 13:34:55 - modules.pdf_processor - INFO - Processing paper: 2409.17916v1.pdf
2024-11-18 13:34:55 - modules.pdf_processor - INFO - Saved processed text to: C:\Users\Suriya\Documents\UF Class\1st Sem\Python for Data Science\Term Project Cods\research_papers\processed\2409.17916v1_processed.txt
2024-11-18 13:34:55 - modules.pdf_processor - INFO - Processing paper: 1901.04372v1.pdf
2024-11-18 13:34:55 - modules.pdf_processor - INFO - Saved processed text to: C:\Users\Suriya\Documents\UF Class\1st Sem\Python for Data Science\Term Project Cods\research_papers\processed\1901.04372v1_processed.txt
2024-11-18 13:34:55 - modules.pdf_processor - INFO - Processing paper: 2108.09560v3.pdf
2024-11-18 13:34:55 - modules.pdf_processor - INFO - Saved processed text to: C:\Users\Suriya\Documents\UF Class\1st Sem\Python for Data Science\Term Project Cods\research_papers\processed\2108.09560v3_processed.txt
2024-11-18 13:34:55 - modules.pdf_processor - INFO - Processing paper: 2308.15806v1.pdf
2024-11-18 13:34:55 - modules.pdf_processor - INFO - Saved processed text to: C:\Users\Suriya\Documents\UF Class\1st Sem\Python for Data Science\Term Project Cods\research_papers\processed\2308.15806v1_processed.txt
2024-11-18 13:34:55 - modules.pdf_processor - INFO - Processing paper: 2406.04483v1.pdf
2024-11-18 13:34:55 - modules.pdf_processor - INFO - Saved processed text to: C:\Users\Suriya\Documents\UF Class\1st Sem\Python for Data Science\Term Project Cods\research_papers\processed\2406.04483v1_processed.txt
2024-11-18 13:34:55 - modules.pdf_processor - INFO - Processing paper: 2205.15982v1.pdf
2024-11-18 13:34:55 - modules.pdf_processor - INFO - Saved processed text to: C:\Users\Suriya\Documents\UF Class\1st Sem\Python for Data Science\Term Project Cods\research_papers\processed\2205.15982v1_processed.txt
2024-11-18 13:34:55 - modules.pdf_processor - INFO - Processing paper: 0803.0159v1.pdf
2024-11-18 13:34:55 - modules.pdf_processor - INFO - Saved processed text to: C:\Users\Suriya\Documents\UF Class\1st Sem\Python for Data Science\Term Project Cods\research_papers\processed\0803.0159v1_processed.txt
2024-11-18 13:34:55 - modules.pdf_processor - INFO - Processing paper: 1701.04676v1.pdf
2024-11-18 13:34:56 - modules.pdf_processor - INFO - Saved processed text to: C:\Users\Suriya\Documents\UF Class\1st Sem\Python for Data Science\Term Project Cods\research_papers\processed\1701.04676v1_processed.txt
2024-11-18 13:34:56 - modules.pdf_processor - INFO - Processing paper: 1704.03242v1.pdf
2024-11-18 13:34:56 - modules.pdf_processor - INFO - Saved processed text to: C:\Users\Suriya\Documents\UF Class\1st Sem\Python for Data Science\Term Project Cods\research_papers\processed\1704.03242v1_processed.txt
2024-11-18 13:34:56 - modules.pdf_processor - INFO - Processing paper: 2206.02983v2.pdf
2024-11-18 13:34:56 - modules.pdf_processor - INFO - Saved processed text to: C:\Users\Suriya\Documents\UF Class\1st Sem\Python for Data Science\Term Project Cods\research_papers\processed\2206.02983v2_processed.txt
2024-11-18 13:34:56 - modules.pdf_processor - INFO - Successfully processed 10 out of 10 papers
2024-11-18 13:34:56 - __main__ - INFO - Processed 10 papers
2024-11-18 13:34:56 - modules.paper_summarizer - INFO - Starting to process 10 papers
2024-11-18 13:34:56 - modules.paper_summarizer - INFO - Processing paper 1/10: Observer-Based Discontinuous Communication in the Secondary Control of AC Microgrids
2024-11-18 13:34:56 - modules.paper_summarizer - ERROR - Error summarizing paper: 'PaperSummarizer' object has no attribute '_generate_section_summary'
2024-11-18 13:34:56 - modules.paper_summarizer - WARNING - No summaries generated for paper 1/10
2024-11-18 13:34:56 - modules.paper_summarizer - INFO - Processing paper 2/10: Online Inventory Management with Application to Energy Procurement in Data Centers
2024-11-18 13:34:56 - modules.paper_summarizer - ERROR - Error summarizing paper: 'PaperSummarizer' object has no attribute '_generate_section_summary'
2024-11-18 13:34:56 - modules.paper_summarizer - WARNING - No summaries generated for paper 2/10
2024-11-18 13:34:56 - modules.paper_summarizer - INFO - Processing paper 3/10: Distribution of values of Gaussian hypergeometric functions
2024-11-18 13:34:56 - modules.paper_summarizer - ERROR - Error summarizing paper: 'PaperSummarizer' object has no attribute '_generate_section_summary'
2024-11-18 13:34:56 - modules.paper_summarizer - WARNING - No summaries generated for paper 3/10
2024-11-18 13:34:56 - modules.paper_summarizer - INFO - Processing paper 4/10: Communication Reduction for Power Systems: An Observer-Based Event-Triggered Approach
2024-11-18 13:34:56 - modules.paper_summarizer - ERROR - Error summarizing paper: 'PaperSummarizer' object has no attribute '_generate_section_summary'
2024-11-18 13:34:56 - modules.paper_summarizer - WARNING - No summaries generated for paper 4/10
2024-11-18 13:34:56 - modules.paper_summarizer - INFO - Processing paper 5/10: Safe Sliding Mode Controllers for Nonlinear Uncertain Systems
2024-11-18 13:34:56 - modules.paper_summarizer - ERROR - Error summarizing paper: 'PaperSummarizer' object has no attribute '_generate_section_summary'
2024-11-18 13:34:56 - modules.paper_summarizer - WARNING - No summaries generated for paper 5/10
2024-11-18 13:34:56 - modules.paper_summarizer - INFO - Processing paper 6/10: Testing Research Software: A Survey
2024-11-18 13:34:56 - modules.paper_summarizer - ERROR - Error summarizing paper: 'PaperSummarizer' object has no attribute '_generate_section_summary'
2024-11-18 13:34:56 - modules.paper_summarizer - WARNING - No summaries generated for paper 6/10
2024-11-18 13:34:56 - modules.paper_summarizer - INFO - Processing paper 7/10: Towards a Spreadsheet Engineering
2024-11-18 13:34:56 - modules.paper_summarizer - ERROR - Error summarizing paper: 'PaperSummarizer' object has no attribute '_generate_section_summary'
2024-11-18 13:34:56 - modules.paper_summarizer - WARNING - No summaries generated for paper 7/10
2024-11-18 13:34:56 - modules.paper_summarizer - INFO - Processing paper 8/10: A Framework for Validating IS Research Based on a Pluralist Account of Truth and Correctness
2024-11-18 13:34:56 - modules.paper_summarizer - ERROR - Error summarizing paper: 'PaperSummarizer' object has no attribute '_generate_section_summary'
2024-11-18 13:34:56 - modules.paper_summarizer - WARNING - No summaries generated for paper 8/10
2024-11-18 13:34:56 - modules.paper_summarizer - INFO - Processing paper 9/10: Automatic Keyword Extraction for Text Summarization: A Survey
2024-11-18 13:34:56 - modules.paper_summarizer - ERROR - Error summarizing paper: 'PaperSummarizer' object has no attribute '_generate_section_summary'
2024-11-18 13:34:56 - modules.paper_summarizer - WARNING - No summaries generated for paper 9/10
2024-11-18 13:34:56 - modules.paper_summarizer - INFO - Processing paper 10/10: Review on Multiple Plagiarism: A Performance Comparison Study
2024-11-18 13:34:56 - modules.paper_summarizer - ERROR - Error summarizing paper: 'PaperSummarizer' object has no attribute '_generate_section_summary'
2024-11-18 13:34:56 - modules.paper_summarizer - WARNING - No summaries generated for paper 10/10
2024-11-18 13:34:56 - modules.paper_summarizer - INFO - Successfully processed 0 out of 10 papers
2024-11-18 13:34:56 - __main__ - INFO - Generated summaries for 0 papers
2024-11-18 13:35:07 - __main__ - INFO - Generated research response
2024-11-18 13:35:34 - __main__ - INFO - Initializing Research Assistant...
2024-11-18 13:35:35 - models.vector_store - INFO - Creating new FAISS index
2024-11-18 13:35:36 - modules.paper_downloader - INFO - Created/verified output directory: C:\Users\Suriya\Documents\UF Class\1st Sem\Python for Data Science\Term Project Cods\research_papers
2024-11-18 13:35:36 - modules.pdf_processor - INFO - Created/verified directories: C:\Users\Suriya\Documents\UF Class\1st Sem\Python for Data Science\Term Project Cods\research_papers, C:\Users\Suriya\Documents\UF Class\1st Sem\Python for Data Science\Term Project Cods\research_papers\processed
2024-11-18 13:35:36 - __main__ - INFO - Research Assistant initialized successfully
2024-11-18 13:35:36 - __main__ - INFO - Research Assistant initialized
2024-11-18 13:36:44 - __main__ - INFO - Processing research query: Tell me about lagrangian points
2024-11-18 13:36:44 - __main__ - INFO - Found 1 similar papers
2024-11-18 13:36:44 - __main__ - INFO - Downloading additional papers...
2024-11-18 13:36:45 - modules.paper_downloader - INFO - Successfully found 10 papers matching the query
2024-11-18 13:36:45 - modules.paper_downloader - INFO - Successfully downloaded: 0703091v2.pdf
2024-11-18 13:36:45 - modules.paper_downloader - INFO - Successfully downloaded: 2004.00047v1.pdf
2024-11-18 13:36:46 - modules.paper_downloader - INFO - Successfully downloaded: 2308.10825v2.pdf
2024-11-18 13:36:46 - modules.paper_downloader - INFO - Successfully downloaded: 1703.02944v1.pdf
2024-11-18 13:36:46 - modules.paper_downloader - INFO - Successfully downloaded: 2306.10906v1.pdf
2024-11-18 13:36:46 - modules.paper_downloader - INFO - Successfully downloaded: 2103.11751v1.pdf
2024-11-18 13:36:46 - modules.paper_downloader - INFO - Successfully downloaded: 2209.06080v1.pdf
2024-11-18 13:36:46 - modules.paper_downloader - INFO - Successfully downloaded: 1401.1708v1.pdf
2024-11-18 13:36:46 - modules.paper_downloader - INFO - Successfully downloaded: 2312.05386v1.pdf
2024-11-18 13:36:47 - modules.paper_downloader - INFO - Successfully downloaded: 2408.09939v2.pdf
2024-11-18 13:36:47 - modules.paper_downloader - INFO - Successfully downloaded 10 out of 10 papers
2024-11-18 13:36:47 - __main__ - INFO - Downloaded 10 new papers
2024-11-18 13:36:47 - modules.pdf_processor - INFO - Processing paper: 1703.02944v1.pdf
2024-11-18 13:36:47 - modules.pdf_processor - INFO - Saved processed text to: C:\Users\Suriya\Documents\UF Class\1st Sem\Python for Data Science\Term Project Cods\research_papers\processed\1703.02944v1_processed.txt
2024-11-18 13:36:47 - modules.pdf_processor - INFO - Processing paper: 2306.10906v1.pdf
2024-11-18 13:36:47 - modules.pdf_processor - INFO - Saved processed text to: C:\Users\Suriya\Documents\UF Class\1st Sem\Python for Data Science\Term Project Cods\research_papers\processed\2306.10906v1_processed.txt
2024-11-18 13:36:47 - modules.pdf_processor - INFO - Processing paper: 2312.05386v1.pdf
2024-11-18 13:36:47 - modules.pdf_processor - INFO - Saved processed text to: C:\Users\Suriya\Documents\UF Class\1st Sem\Python for Data Science\Term Project Cods\research_papers\processed\2312.05386v1_processed.txt
2024-11-18 13:36:48 - modules.pdf_processor - INFO - Processing paper: 2408.09939v2.pdf
2024-11-18 13:36:48 - modules.pdf_processor - INFO - Saved processed text to: C:\Users\Suriya\Documents\UF Class\1st Sem\Python for Data Science\Term Project Cods\research_papers\processed\2408.09939v2_processed.txt
2024-11-18 13:36:48 - modules.pdf_processor - INFO - Processing paper: 2103.11751v1.pdf
2024-11-18 13:36:48 - modules.pdf_processor - INFO - Saved processed text to: C:\Users\Suriya\Documents\UF Class\1st Sem\Python for Data Science\Term Project Cods\research_papers\processed\2103.11751v1_processed.txt
2024-11-18 13:36:48 - modules.pdf_processor - INFO - Processing paper: 2308.10825v2.pdf
2024-11-18 13:36:48 - modules.pdf_processor - INFO - Saved processed text to: C:\Users\Suriya\Documents\UF Class\1st Sem\Python for Data Science\Term Project Cods\research_papers\processed\2308.10825v2_processed.txt
2024-11-18 13:36:48 - modules.pdf_processor - INFO - Processing paper: 1401.1708v1.pdf
2024-11-18 13:36:49 - modules.pdf_processor - INFO - Saved processed text to: C:\Users\Suriya\Documents\UF Class\1st Sem\Python for Data Science\Term Project Cods\research_papers\processed\1401.1708v1_processed.txt
2024-11-18 13:36:49 - modules.pdf_processor - INFO - Processing paper: 2209.06080v1.pdf
2024-11-18 13:36:49 - modules.pdf_processor - INFO - Saved processed text to: C:\Users\Suriya\Documents\UF Class\1st Sem\Python for Data Science\Term Project Cods\research_papers\processed\2209.06080v1_processed.txt
2024-11-18 13:36:49 - modules.pdf_processor - INFO - Processing paper: 0703091v2.pdf
2024-11-18 13:36:49 - modules.pdf_processor - INFO - Saved processed text to: C:\Users\Suriya\Documents\UF Class\1st Sem\Python for Data Science\Term Project Cods\research_papers\processed\0703091v2_processed.txt
2024-11-18 13:36:49 - modules.pdf_processor - INFO - Processing paper: 2004.00047v1.pdf
2024-11-18 13:36:49 - modules.pdf_processor - INFO - Saved processed text to: C:\Users\Suriya\Documents\UF Class\1st Sem\Python for Data Science\Term Project Cods\research_papers\processed\2004.00047v1_processed.txt
2024-11-18 13:36:49 - modules.pdf_processor - INFO - Successfully processed 10 out of 10 papers
2024-11-18 13:36:49 - __main__ - INFO - Processed 10 papers
2024-11-18 13:36:49 - modules.paper_summarizer - INFO - Starting to process 10 papers
2024-11-18 13:36:49 - modules.paper_summarizer - INFO - Processing paper 1/10: "Tell me and I forget, teach me and I may remember, involve me and I learn": changing the approach of teaching Computer Organization
2024-11-18 13:36:49 - modules.paper_summarizer - ERROR - Error summarizing paper: 'PaperSummarizer' object has no attribute '_generate_section_summary'
2024-11-18 13:36:49 - modules.paper_summarizer - WARNING - No summaries generated for paper 1/10
2024-11-18 13:36:49 - modules.paper_summarizer - INFO - Processing paper 2/10: Magnetoelectric energy in electrodynamics: Magnetoelectricity, bi(an)isotropy, and magnetoelectric meta-atoms
2024-11-18 13:36:49 - modules.paper_summarizer - ERROR - Error summarizing paper: 'PaperSummarizer' object has no attribute '_generate_section_summary'
2024-11-18 13:36:49 - modules.paper_summarizer - WARNING - No summaries generated for paper 2/10
2024-11-18 13:36:49 - modules.paper_summarizer - INFO - Processing paper 3/10: Model Extraction Attacks Revisited
2024-11-18 13:36:49 - modules.paper_summarizer - ERROR - Error summarizing paper: 'PaperSummarizer' object has no attribute '_generate_section_summary'
2024-11-18 13:36:49 - modules.paper_summarizer - WARNING - No summaries generated for paper 3/10
2024-11-18 13:36:49 - modules.paper_summarizer - INFO - Processing paper 4/10: "Image, Tell me your story!" Predicting the original meta-context of visual misinformation
2024-11-18 13:36:49 - modules.paper_summarizer - ERROR - Error summarizing paper: 'PaperSummarizer' object has no attribute '_generate_section_summary'
2024-11-18 13:36:49 - modules.paper_summarizer - WARNING - No summaries generated for paper 4/10
2024-11-18 13:36:49 - modules.paper_summarizer - INFO - Processing paper 5/10: Functional Pearl: Witness Me -- Constructive Arguments Must Be Guided with Concrete Witness
2024-11-18 13:36:49 - modules.paper_summarizer - ERROR - Error summarizing paper: 'PaperSummarizer' object has no attribute '_generate_section_summary'
2024-11-18 13:36:49 - modules.paper_summarizer - WARNING - No summaries generated for paper 5/10
2024-11-18 13:36:49 - modules.paper_summarizer - INFO - Processing paper 6/10: Algebraic Topology for Data Scientists
2024-11-18 13:36:49 - modules.paper_summarizer - ERROR - Error summarizing paper: 'PaperSummarizer' object has no attribute '_generate_section_summary'
2024-11-18 13:36:49 - modules.paper_summarizer - WARNING - No summaries generated for paper 6/10
2024-11-18 13:36:49 - modules.paper_summarizer - INFO - Processing paper 7/10: A Lagrangian for Hamiltonian vector fields on singular Poisson manifolds
2024-11-18 13:36:49 - modules.paper_summarizer - ERROR - Error summarizing paper: 'PaperSummarizer' object has no attribute '_generate_section_summary'
2024-11-18 13:36:49 - modules.paper_summarizer - WARNING - No summaries generated for paper 7/10
2024-11-18 13:36:49 - modules.paper_summarizer - INFO - Processing paper 8/10: Magnetoelectric-field electrodynamics: Search for magnetoelectric point scatterers
2024-11-18 13:36:49 - modules.paper_summarizer - ERROR - Error summarizing paper: 'PaperSummarizer' object has no attribute '_generate_section_summary'
2024-11-18 13:36:49 - modules.paper_summarizer - WARNING - No summaries generated for paper 8/10
2024-11-18 13:36:49 - modules.paper_summarizer - INFO - Processing paper 9/10: A scientific inquiry into modern art
2024-11-18 13:36:49 - modules.paper_summarizer - ERROR - Error summarizing paper: 'PaperSummarizer' object has no attribute '_generate_section_summary'
2024-11-18 13:36:49 - modules.paper_summarizer - WARNING - No summaries generated for paper 9/10
2024-11-18 13:36:49 - modules.paper_summarizer - INFO - Processing paper 10/10: Grandpa, grandpa, tell me the one about Bitcoin being a safe haven: Evidence from the COVID-19 pandemics
2024-11-18 13:36:49 - modules.paper_summarizer - ERROR - Error summarizing paper: 'PaperSummarizer' object has no attribute '_generate_section_summary'
2024-11-18 13:36:49 - modules.paper_summarizer - WARNING - No summaries generated for paper 10/10
2024-11-18 13:36:49 - modules.paper_summarizer - INFO - Successfully processed 0 out of 10 papers
2024-11-18 13:36:49 - __main__ - INFO - Generated summaries for 0 papers
2024-11-18 13:36:56 - __main__ - INFO - Generated research response
